<?xml version="1.0" encoding="UTF-8"?>
<robot generator="Robot 6.0.1 (Python 3.11.1 on darwin)" generated="20230108 18:08:31.115" rpa="false" schemaversion="3">
<suite id="s1" name="Register" source="/Users/andre/Documents/QA Academy/Gravidade Zero/yodapp/register.robot">
<test id="s1-t1" name="Should register a new character" line="10">
<kw name="Start Session" library="base" type="SETUP">
<kw name="New Browser" library="Browser">
<arg>chromium</arg>
<arg>headless=False</arg>
<arg>slowMo=00:00:01</arg>
<tag>BrowserControl</tag>
<tag>Setter</tag>
<doc>Create a new playwright Browser with specified options.</doc>
<msg timestamp="20230108 18:08:31.600" level="INFO">{"browser": "chromium", "headless": false, "devtools": false, "handleSIGHUP": true, "handleSIGINT": true, "handleSIGTERM": true, "slowMo": 1000.0, "timeout": 30000.0, "deprecated_pos_args": [], "tracesDir": "/Users/andre/Documents/QA Academy/Gravidade Zero/yodapp/logs/browser/traces/a61f2100-f2f7-462d-82ea-8e6323981790"}</msg>
<msg timestamp="20230108 18:08:32.122" level="INFO">Successfully created browser with options: {"browser":"chromium","headless":false,"devtools":false,"handleSIGHUP":true,"handleSIGINT":true,"handleSIGTERM":true,"slowMo":1000,"timeout":30000,"deprecated_pos_args":[],"tracesDir":"/Users/andre/Documents/QA Academy/Gravidade Zero/yodapp/logs/browser/traces/a61f2100-f2f7-462d-82ea-8e6323981790"}</msg>
<status status="PASS" starttime="20230108 18:08:31.600" endtime="20230108 18:08:32.122"/>
</kw>
<kw name="New Page" library="Browser">
<arg>https://yodapp.vercel.app</arg>
<tag>BrowserControl</tag>
<tag>Setter</tag>
<doc>Open a new Page.</doc>
<msg timestamp="20230108 18:08:33.999" level="INFO">Successfully initialized new page object and opened url: https://yodapp.vercel.app</msg>
<msg timestamp="20230108 18:08:34.000" level="INFO">No context was open. New context was automatically opened when this page is created.</msg>
<status status="PASS" starttime="20230108 18:08:32.123" endtime="20230108 18:08:34.000"/>
</kw>
<status status="PASS" starttime="20230108 18:08:31.599" endtime="20230108 18:08:34.000"/>
</kw>
<kw name="Click" library="Browser">
<arg>text=Novo</arg>
<tag>PageContent</tag>
<tag>Setter</tag>
<doc>Simulates mouse click on the element found by ``selector``.</doc>
<status status="PASS" starttime="20230108 18:08:34.001" endtime="20230108 18:08:35.076"/>
</kw>
<kw name="Wait For Elements State" library="Browser">
<arg>css=.card-header-title &gt;&gt; text=Cadastrar novo usuário</arg>
<arg>visible</arg>
<arg>5</arg>
<tag>PageContent</tag>
<tag>Wait</tag>
<doc>Waits for the element found by ``selector`` to satisfy state option.</doc>
<msg timestamp="20230108 18:08:35.100" level="INFO">Waited for Element with selector css=.card-header-title &gt;&gt; text=Cadastrar novo usuário at state visible</msg>
<status status="PASS" starttime="20230108 18:08:35.076" endtime="20230108 18:08:35.100"/>
</kw>
<kw name="Fill Text" library="Browser">
<arg>css=input[placeholder^="Nome"]</arg>
<arg>Mestre Yoda</arg>
<tag>PageContent</tag>
<tag>Setter</tag>
<doc>Clears and fills the given ``txt`` into the text field found by ``selector``.</doc>
<msg timestamp="20230108 18:08:35.100" level="INFO">Fills the text 'Mestre Yoda' in the given field.</msg>
<status status="PASS" starttime="20230108 18:08:35.100" endtime="20230108 18:08:36.123"/>
</kw>
<kw name="Fill Text" library="Browser">
<arg>css=input[placeholder="Email"]</arg>
<arg>yoda@gmail.com</arg>
<tag>PageContent</tag>
<tag>Setter</tag>
<doc>Clears and fills the given ``txt`` into the text field found by ``selector``.</doc>
<msg timestamp="20230108 18:08:36.124" level="INFO">Fills the text 'yoda@gmail.com' in the given field.</msg>
<status status="PASS" starttime="20230108 18:08:36.124" endtime="20230108 18:08:37.154"/>
</kw>
<kw name="Select Options By" library="Browser">
<arg>css=.ordem select</arg>
<arg>value</arg>
<arg>1</arg>
<tag>PageContent</tag>
<tag>Setter</tag>
<doc>Selects options from select element found by ``selector``.</doc>
<status status="PASS" starttime="20230108 18:08:37.155" endtime="20230108 18:08:39.209"/>
</kw>
<kw name="Click" library="Browser">
<arg>xpath=//input[@value="Cavaleiro Jedi"]/..//span[@class="check"]</arg>
<tag>PageContent</tag>
<tag>Setter</tag>
<doc>Simulates mouse click on the element found by ``selector``.</doc>
<status status="PASS" starttime="20230108 18:08:39.210" endtime="20230108 18:08:40.244"/>
</kw>
<kw name="Select Birth Date">
<arg>fevereiro</arg>
<arg>1970</arg>
<arg>20</arg>
<kw name="Click" library="Browser">
<arg>css=input[placeholder="Data de nascimento"]</arg>
<tag>PageContent</tag>
<tag>Setter</tag>
<doc>Simulates mouse click on the element found by ``selector``.</doc>
<status status="PASS" starttime="20230108 18:08:40.244" endtime="20230108 18:08:41.299"/>
</kw>
<kw name="Select Options By" library="Browser">
<arg>xpath=(//header[@class="datepicker-header"]//select)[1]</arg>
<arg>text</arg>
<arg>${month}</arg>
<tag>PageContent</tag>
<tag>Setter</tag>
<doc>Selects options from select element found by ``selector``.</doc>
<status status="PASS" starttime="20230108 18:08:41.299" endtime="20230108 18:08:43.346"/>
</kw>
<kw name="Select Options By" library="Browser">
<arg>xpath=(//header[@class="datepicker-header"]//select)[2]</arg>
<arg>value</arg>
<arg>${year}</arg>
<tag>PageContent</tag>
<tag>Setter</tag>
<doc>Selects options from select element found by ``selector``.</doc>
<status status="PASS" starttime="20230108 18:08:43.347" endtime="20230108 18:08:45.399"/>
</kw>
<kw name="Click" library="Browser">
<arg>xpath=//a[contains(@class, "datepicker-cell")]//span[text()="${day}"]</arg>
<tag>PageContent</tag>
<tag>Setter</tag>
<doc>Simulates mouse click on the element found by ``selector``.</doc>
<status status="PASS" starttime="20230108 18:08:45.399" endtime="20230108 18:08:46.453"/>
</kw>
<status status="PASS" starttime="20230108 18:08:40.244" endtime="20230108 18:08:46.453"/>
</kw>
<kw name="Fill Text" library="Browser">
<arg>id=insta</arg>
<arg>@yoda</arg>
<tag>PageContent</tag>
<tag>Setter</tag>
<doc>Clears and fills the given ``txt`` into the text field found by ``selector``.</doc>
<msg timestamp="20230108 18:08:46.454" level="INFO">Fills the text '@yoda' in the given field.</msg>
<status status="PASS" starttime="20230108 18:08:46.454" endtime="20230108 18:08:47.481"/>
</kw>
<kw name="Click" library="Browser">
<arg>xpath=//input[@name="comunications"]/../span[@class="check"]</arg>
<tag>PageContent</tag>
<tag>Setter</tag>
<doc>Simulates mouse click on the element found by ``selector``.</doc>
<status status="PASS" starttime="20230108 18:08:47.481" endtime="20230108 18:08:48.530"/>
</kw>
<kw name="Click" library="Browser">
<arg>css=button &gt;&gt; text="Cadastrar"</arg>
<tag>PageContent</tag>
<tag>Setter</tag>
<doc>Simulates mouse click on the element found by ``selector``.</doc>
<status status="PASS" starttime="20230108 18:08:48.530" endtime="20230108 18:08:49.589"/>
</kw>
<kw name="Wait For Elements State" library="Browser">
<arg>css=.toast div &gt;&gt; text="Usuário cadastrado com sucesso!"</arg>
<arg>visible</arg>
<arg>5</arg>
<tag>PageContent</tag>
<tag>Wait</tag>
<doc>Waits for the element found by ``selector`` to satisfy state option.</doc>
<msg timestamp="20230108 18:08:49.599" level="INFO">Waited for Element with selector css=.toast div &gt;&gt; text="Usuário cadastrado com sucesso!" at state visible</msg>
<status status="PASS" starttime="20230108 18:08:49.589" endtime="20230108 18:08:49.599"/>
</kw>
<kw name="End Session" library="base" type="TEARDOWN">
<kw name="Take Screenshot" library="Browser">
<tag>PageContent</tag>
<doc>Takes a screenshot of the current window or element and saves it to disk.</doc>
<msg timestamp="20230108 18:08:49.708" level="INFO" html="true">&lt;/td&gt;&lt;/tr&gt;&lt;tr&gt;&lt;td colspan="3"&gt;&lt;a href="browser/screenshot/robotframework-browser-screenshot-1.png"&gt;&lt;img src="browser/screenshot/robotframework-browser-screenshot-1.png" width="800px"&gt;&lt;/a&gt;</msg>
<status status="PASS" starttime="20230108 18:08:49.600" endtime="20230108 18:08:49.709"/>
</kw>
<status status="PASS" starttime="20230108 18:08:49.600" endtime="20230108 18:08:49.709"/>
</kw>
<status status="PASS" starttime="20230108 18:08:31.598" endtime="20230108 18:08:49.709"/>
</test>
<doc>Test suite for character creation</doc>
<status status="PASS" starttime="20230108 18:08:31.115" endtime="20230108 18:08:49.748"/>
</suite>
<statistics>
<total>
<stat pass="1" fail="0" skip="0">All Tests</stat>
</total>
<tag>
</tag>
<suite>
<stat pass="1" fail="0" skip="0" id="s1" name="Register">Register</stat>
</suite>
</statistics>
<errors>
</errors>
</robot>
