<?xml version="1.0" encoding="UTF-8"?>
<robot generator="Robot 6.0.1 (Python 3.11.1 on darwin)" generated="20230110 23:58:04.781" rpa="false" schemaversion="3">
<suite id="s1" name="Register" source="/Users/andre/Documents/QA Academy/Gravidade Zero/yodapp/register.robot">
<test id="s1-t1" name="Should register a new character" line="11">
<kw name="Start Session" library="base" type="SETUP">
<kw name="New Browser" library="Browser">
<arg>chromium</arg>
<arg>headless=False</arg>
<arg>slowMo=00:00:01</arg>
<tag>BrowserControl</tag>
<tag>Setter</tag>
<doc>Create a new playwright Browser with specified options.</doc>
<msg timestamp="20230110 23:58:05.286" level="INFO">{"browser": "chromium", "headless": false, "devtools": false, "handleSIGHUP": true, "handleSIGINT": true, "handleSIGTERM": true, "slowMo": 1000.0, "timeout": 30000.0, "deprecated_pos_args": [], "tracesDir": "/Users/andre/Documents/QA Academy/Gravidade Zero/yodapp/logs/browser/traces/eb4196ef-081a-4ee6-9138-ca6b0d30d35f"}</msg>
<msg timestamp="20230110 23:58:05.996" level="INFO">Successfully created browser with options: {"browser":"chromium","headless":false,"devtools":false,"handleSIGHUP":true,"handleSIGINT":true,"handleSIGTERM":true,"slowMo":1000,"timeout":30000,"deprecated_pos_args":[],"tracesDir":"/Users/andre/Documents/QA Academy/Gravidade Zero/yodapp/logs/browser/traces/eb4196ef-081a-4ee6-9138-ca6b0d30d35f"}</msg>
<status status="PASS" starttime="20230110 23:58:05.286" endtime="20230110 23:58:05.996"/>
</kw>
<kw name="New Page" library="Browser">
<arg>https://yodapp.vercel.app</arg>
<tag>BrowserControl</tag>
<tag>Setter</tag>
<doc>Open a new Page.</doc>
<msg timestamp="20230110 23:58:07.936" level="INFO">Successfully initialized new page object and opened url: https://yodapp.vercel.app</msg>
<msg timestamp="20230110 23:58:07.936" level="INFO">No context was open. New context was automatically opened when this page is created.</msg>
<status status="PASS" starttime="20230110 23:58:05.996" endtime="20230110 23:58:07.937"/>
</kw>
<status status="PASS" starttime="20230110 23:58:05.285" endtime="20230110 23:58:07.937"/>
</kw>
<kw name="Click" library="Browser">
<arg>text=Novo</arg>
<tag>PageContent</tag>
<tag>Setter</tag>
<doc>Simulates mouse click on the element found by ``selector``.</doc>
<status status="PASS" starttime="20230110 23:58:07.938" endtime="20230110 23:58:09.002"/>
</kw>
<kw name="Wait For Elements State" library="Browser">
<arg>css=.card-header-title &gt;&gt; text=Cadastrar novo usuário</arg>
<arg>visible</arg>
<arg>5</arg>
<tag>PageContent</tag>
<tag>Wait</tag>
<doc>Waits for the element found by ``selector`` to satisfy state option.</doc>
<msg timestamp="20230110 23:58:09.023" level="INFO">Waited for Element with selector css=.card-header-title &gt;&gt; text=Cadastrar novo usuário at state visible</msg>
<status status="PASS" starttime="20230110 23:58:09.003" endtime="20230110 23:58:09.023"/>
</kw>
<kw name="Fill Text" library="Browser">
<arg>css=input[placeholder^="Nome"]</arg>
<arg>Mestre Yoda</arg>
<tag>PageContent</tag>
<tag>Setter</tag>
<doc>Clears and fills the given ``txt`` into the text field found by ``selector``.</doc>
<msg timestamp="20230110 23:58:09.023" level="INFO">Fills the text 'Mestre Yoda' in the given field.</msg>
<status status="PASS" starttime="20230110 23:58:09.023" endtime="20230110 23:58:10.044"/>
</kw>
<kw name="Fill Text" library="Browser">
<arg>css=input[placeholder="Email"]</arg>
<arg>yoda@gmail.com</arg>
<tag>PageContent</tag>
<tag>Setter</tag>
<doc>Clears and fills the given ``txt`` into the text field found by ``selector``.</doc>
<msg timestamp="20230110 23:58:10.045" level="INFO">Fills the text 'yoda@gmail.com' in the given field.</msg>
<status status="PASS" starttime="20230110 23:58:10.045" endtime="20230110 23:58:11.073"/>
</kw>
<kw name="Select Options By" library="Browser">
<arg>css=.ordem select</arg>
<arg>value</arg>
<arg>1</arg>
<tag>PageContent</tag>
<tag>Setter</tag>
<doc>Selects options from select element found by ``selector``.</doc>
<status status="PASS" starttime="20230110 23:58:11.074" endtime="20230110 23:58:13.122"/>
</kw>
<kw name="Click" library="Browser">
<arg>xpath=//input[@value="Cavaleiro Jedi"]/..//span[@class="check"]</arg>
<tag>PageContent</tag>
<tag>Setter</tag>
<doc>Simulates mouse click on the element found by ``selector``.</doc>
<status status="PASS" starttime="20230110 23:58:13.123" endtime="20230110 23:58:14.171"/>
</kw>
<kw name="Select Birth Date">
<arg>fevereiro-1970-20</arg>
<kw name="Split String" library="String">
<var>@{date}</var>
<arg>${text_date}</arg>
<arg>-</arg>
<doc>Splits the ``string`` using ``separator`` as a delimiter string.</doc>
<msg timestamp="20230110 23:58:14.172" level="INFO">@{date} = [ fevereiro | 1970 | 20 ]</msg>
<status status="PASS" starttime="20230110 23:58:14.172" endtime="20230110 23:58:14.172"/>
</kw>
<kw name="Click" library="Browser">
<arg>css=input[placeholder="Data de nascimento"]</arg>
<tag>PageContent</tag>
<tag>Setter</tag>
<doc>Simulates mouse click on the element found by ``selector``.</doc>
<status status="PASS" starttime="20230110 23:58:14.172" endtime="20230110 23:58:15.203"/>
</kw>
<kw name="Select Options By" library="Browser">
<arg>xpath=(//header[@class="datepicker-header"]//select)[1]</arg>
<arg>text</arg>
<arg>${date}[0]</arg>
<tag>PageContent</tag>
<tag>Setter</tag>
<doc>Selects options from select element found by ``selector``.</doc>
<status status="PASS" starttime="20230110 23:58:15.203" endtime="20230110 23:58:17.242"/>
</kw>
<kw name="Select Options By" library="Browser">
<arg>xpath=(//header[@class="datepicker-header"]//select)[2]</arg>
<arg>value</arg>
<arg>${date}[1]</arg>
<tag>PageContent</tag>
<tag>Setter</tag>
<doc>Selects options from select element found by ``selector``.</doc>
<status status="PASS" starttime="20230110 23:58:17.242" endtime="20230110 23:58:19.282"/>
</kw>
<kw name="Click" library="Browser">
<arg>xpath=//a[contains(@class, "datepicker-cell")]//span[text()="${date}[2]"]</arg>
<tag>PageContent</tag>
<tag>Setter</tag>
<doc>Simulates mouse click on the element found by ``selector``.</doc>
<status status="PASS" starttime="20230110 23:58:19.283" endtime="20230110 23:58:20.325"/>
</kw>
<status status="PASS" starttime="20230110 23:58:14.171" endtime="20230110 23:58:20.326"/>
</kw>
<kw name="Fill Text" library="Browser">
<arg>id=insta</arg>
<arg>@yoda</arg>
<tag>PageContent</tag>
<tag>Setter</tag>
<doc>Clears and fills the given ``txt`` into the text field found by ``selector``.</doc>
<msg timestamp="20230110 23:58:20.326" level="INFO">Fills the text '@yoda' in the given field.</msg>
<status status="PASS" starttime="20230110 23:58:20.326" endtime="20230110 23:58:21.348"/>
</kw>
<kw name="Click" library="Browser">
<arg>xpath=//input[@name="comunications"]/../span[@class="check"]</arg>
<tag>PageContent</tag>
<tag>Setter</tag>
<doc>Simulates mouse click on the element found by ``selector``.</doc>
<status status="PASS" starttime="20230110 23:58:21.349" endtime="20230110 23:58:22.406"/>
</kw>
<kw name="Click" library="Browser">
<arg>css=button &gt;&gt; text="Cadastrar"</arg>
<tag>PageContent</tag>
<tag>Setter</tag>
<doc>Simulates mouse click on the element found by ``selector``.</doc>
<status status="PASS" starttime="20230110 23:58:22.407" endtime="20230110 23:58:23.460"/>
</kw>
<kw name="Wait For Elements State" library="Browser">
<arg>css=.toast div &gt;&gt; text="Usuário cadastrado com sucesso!"</arg>
<arg>visible</arg>
<arg>5</arg>
<tag>PageContent</tag>
<tag>Wait</tag>
<doc>Waits for the element found by ``selector`` to satisfy state option.</doc>
<msg timestamp="20230110 23:58:23.468" level="INFO">Waited for Element with selector css=.toast div &gt;&gt; text="Usuário cadastrado com sucesso!" at state visible</msg>
<status status="PASS" starttime="20230110 23:58:23.460" endtime="20230110 23:58:23.468"/>
</kw>
<kw name="End Session" library="base" type="TEARDOWN">
<kw name="Take Screenshot" library="Browser">
<tag>PageContent</tag>
<doc>Takes a screenshot of the current window or element and saves it to disk.</doc>
<msg timestamp="20230110 23:58:23.561" level="INFO" html="true">&lt;/td&gt;&lt;/tr&gt;&lt;tr&gt;&lt;td colspan="3"&gt;&lt;a href="browser/screenshot/robotframework-browser-screenshot-1.png"&gt;&lt;img src="browser/screenshot/robotframework-browser-screenshot-1.png" width="800px"&gt;&lt;/a&gt;</msg>
<status status="PASS" starttime="20230110 23:58:23.469" endtime="20230110 23:58:23.561"/>
</kw>
<status status="PASS" starttime="20230110 23:58:23.469" endtime="20230110 23:58:23.561"/>
</kw>
<tag>happy</tag>
<status status="PASS" starttime="20230110 23:58:05.284" endtime="20230110 23:58:23.561"/>
</test>
<test id="s1-t2" name="Invalid Email" line="58">
<kw name="Start Session" library="base" type="SETUP">
<kw name="New Browser" library="Browser">
<arg>chromium</arg>
<arg>headless=False</arg>
<arg>slowMo=00:00:01</arg>
<tag>BrowserControl</tag>
<tag>Setter</tag>
<doc>Create a new playwright Browser with specified options.</doc>
<msg timestamp="20230110 23:58:23.607" level="INFO">{"browser": "chromium", "headless": false, "devtools": false, "handleSIGHUP": true, "handleSIGINT": true, "handleSIGTERM": true, "slowMo": 1000.0, "timeout": 30000.0, "deprecated_pos_args": [], "tracesDir": "/Users/andre/Documents/QA Academy/Gravidade Zero/yodapp/logs/browser/traces/f58fc4c7-5475-42d8-bd76-cd7acffc7d47"}</msg>
<msg timestamp="20230110 23:58:23.808" level="INFO">Successfully created browser with options: {"browser":"chromium","headless":false,"devtools":false,"handleSIGHUP":true,"handleSIGINT":true,"handleSIGTERM":true,"slowMo":1000,"timeout":30000,"deprecated_pos_args":[],"tracesDir":"/Users/andre/Documents/QA Academy/Gravidade Zero/yodapp/logs/browser/traces/f58fc4c7-5475-42d8-bd76-cd7acffc7d47"}</msg>
<status status="PASS" starttime="20230110 23:58:23.607" endtime="20230110 23:58:23.808"/>
</kw>
<kw name="New Page" library="Browser">
<arg>https://yodapp.vercel.app</arg>
<tag>BrowserControl</tag>
<tag>Setter</tag>
<doc>Open a new Page.</doc>
<msg timestamp="20230110 23:58:25.642" level="INFO">Successfully initialized new page object and opened url: https://yodapp.vercel.app</msg>
<msg timestamp="20230110 23:58:25.648" level="INFO">No context was open. New context was automatically opened when this page is created.</msg>
<status status="PASS" starttime="20230110 23:58:23.808" endtime="20230110 23:58:25.658"/>
</kw>
<status status="PASS" starttime="20230110 23:58:23.607" endtime="20230110 23:58:25.659"/>
</kw>
<kw name="Click" library="Browser">
<arg>text=Novo</arg>
<tag>PageContent</tag>
<tag>Setter</tag>
<doc>Simulates mouse click on the element found by ``selector``.</doc>
<status status="PASS" starttime="20230110 23:58:25.659" endtime="20230110 23:58:26.718"/>
</kw>
<kw name="Wait For Elements State" library="Browser">
<arg>css=.card-header-title &gt;&gt; text=Cadastrar novo usuário</arg>
<arg>visible</arg>
<arg>5</arg>
<tag>PageContent</tag>
<tag>Wait</tag>
<doc>Waits for the element found by ``selector`` to satisfy state option.</doc>
<msg timestamp="20230110 23:58:26.738" level="INFO">Waited for Element with selector css=.card-header-title &gt;&gt; text=Cadastrar novo usuário at state visible</msg>
<status status="PASS" starttime="20230110 23:58:26.719" endtime="20230110 23:58:26.738"/>
</kw>
<kw name="Fill Text" library="Browser">
<arg>css=input[placeholder^="Nome"]</arg>
<arg>Darth Vader</arg>
<tag>PageContent</tag>
<tag>Setter</tag>
<doc>Clears and fills the given ``txt`` into the text field found by ``selector``.</doc>
<msg timestamp="20230110 23:58:26.739" level="INFO">Fills the text 'Darth Vader' in the given field.</msg>
<status status="PASS" starttime="20230110 23:58:26.738" endtime="20230110 23:58:27.757"/>
</kw>
<kw name="Fill Text" library="Browser">
<arg>css=input[placeholder="Email"]</arg>
<arg>vader&amp;gmail.com</arg>
<tag>PageContent</tag>
<tag>Setter</tag>
<doc>Clears and fills the given ``txt`` into the text field found by ``selector``.</doc>
<msg timestamp="20230110 23:58:27.759" level="INFO">Fills the text 'vader&amp;gmail.com' in the given field.</msg>
<status status="PASS" starttime="20230110 23:58:27.758" endtime="20230110 23:58:28.783"/>
</kw>
<kw name="Select Options By" library="Browser">
<arg>css=.ordem select</arg>
<arg>value</arg>
<arg>2</arg>
<tag>PageContent</tag>
<tag>Setter</tag>
<doc>Selects options from select element found by ``selector``.</doc>
<status status="PASS" starttime="20230110 23:58:28.784" endtime="20230110 23:58:30.822"/>
</kw>
<kw name="Select Birth Date">
<arg>dezembro-1980-15</arg>
<kw name="Split String" library="String">
<var>@{date}</var>
<arg>${text_date}</arg>
<arg>-</arg>
<doc>Splits the ``string`` using ``separator`` as a delimiter string.</doc>
<msg timestamp="20230110 23:58:30.824" level="INFO">@{date} = [ dezembro | 1980 | 15 ]</msg>
<status status="PASS" starttime="20230110 23:58:30.824" endtime="20230110 23:58:30.824"/>
</kw>
<kw name="Click" library="Browser">
<arg>css=input[placeholder="Data de nascimento"]</arg>
<tag>PageContent</tag>
<tag>Setter</tag>
<doc>Simulates mouse click on the element found by ``selector``.</doc>
<status status="PASS" starttime="20230110 23:58:30.824" endtime="20230110 23:58:31.872"/>
</kw>
<kw name="Select Options By" library="Browser">
<arg>xpath=(//header[@class="datepicker-header"]//select)[1]</arg>
<arg>text</arg>
<arg>${date}[0]</arg>
<tag>PageContent</tag>
<tag>Setter</tag>
<doc>Selects options from select element found by ``selector``.</doc>
<status status="PASS" starttime="20230110 23:58:31.873" endtime="20230110 23:58:33.906"/>
</kw>
<kw name="Select Options By" library="Browser">
<arg>xpath=(//header[@class="datepicker-header"]//select)[2]</arg>
<arg>value</arg>
<arg>${date}[1]</arg>
<tag>PageContent</tag>
<tag>Setter</tag>
<doc>Selects options from select element found by ``selector``.</doc>
<status status="PASS" starttime="20230110 23:58:33.907" endtime="20230110 23:58:35.955"/>
</kw>
<kw name="Click" library="Browser">
<arg>xpath=//a[contains(@class, "datepicker-cell")]//span[text()="${date}[2]"]</arg>
<tag>PageContent</tag>
<tag>Setter</tag>
<doc>Simulates mouse click on the element found by ``selector``.</doc>
<status status="PASS" starttime="20230110 23:58:35.956" endtime="20230110 23:58:36.991"/>
</kw>
<status status="PASS" starttime="20230110 23:58:30.823" endtime="20230110 23:58:36.991"/>
</kw>
<kw name="Fill Text" library="Browser">
<arg>id=insta</arg>
<arg>@vader</arg>
<tag>PageContent</tag>
<tag>Setter</tag>
<doc>Clears and fills the given ``txt`` into the text field found by ``selector``.</doc>
<msg timestamp="20230110 23:58:36.992" level="INFO">Fills the text '@vader' in the given field.</msg>
<status status="PASS" starttime="20230110 23:58:36.992" endtime="20230110 23:58:38.013"/>
</kw>
<kw name="Click" library="Browser">
<arg>xpath=//input[@name="comunications"]/../span[@class="check"]</arg>
<tag>PageContent</tag>
<tag>Setter</tag>
<doc>Simulates mouse click on the element found by ``selector``.</doc>
<status status="PASS" starttime="20230110 23:58:38.014" endtime="20230110 23:58:39.070"/>
</kw>
<kw name="Click" library="Browser">
<arg>css=button &gt;&gt; text="Cadastrar"</arg>
<tag>PageContent</tag>
<tag>Setter</tag>
<doc>Simulates mouse click on the element found by ``selector``.</doc>
<status status="PASS" starttime="20230110 23:58:39.070" endtime="20230110 23:58:40.108"/>
</kw>
<kw name="Wait For Elements State" library="Browser">
<arg>css=.toast div &gt;&gt; text="Oops! O email é incorreto."</arg>
<arg>visible</arg>
<arg>5</arg>
<tag>PageContent</tag>
<tag>Wait</tag>
<doc>Waits for the element found by ``selector`` to satisfy state option.</doc>
<msg timestamp="20230110 23:58:40.118" level="INFO">Waited for Element with selector css=.toast div &gt;&gt; text="Oops! O email é incorreto." at state visible</msg>
<status status="PASS" starttime="20230110 23:58:40.108" endtime="20230110 23:58:40.118"/>
</kw>
<kw name="End Session" library="base" type="TEARDOWN">
<kw name="Take Screenshot" library="Browser">
<tag>PageContent</tag>
<doc>Takes a screenshot of the current window or element and saves it to disk.</doc>
<msg timestamp="20230110 23:58:40.216" level="INFO" html="true">&lt;/td&gt;&lt;/tr&gt;&lt;tr&gt;&lt;td colspan="3"&gt;&lt;a href="browser/screenshot/robotframework-browser-screenshot-2.png"&gt;&lt;img src="browser/screenshot/robotframework-browser-screenshot-2.png" width="800px"&gt;&lt;/a&gt;</msg>
<status status="PASS" starttime="20230110 23:58:40.119" endtime="20230110 23:58:40.216"/>
</kw>
<status status="PASS" starttime="20230110 23:58:40.119" endtime="20230110 23:58:40.216"/>
</kw>
<tag>inv_email</tag>
<status status="PASS" starttime="20230110 23:58:23.606" endtime="20230110 23:58:40.216"/>
</test>
<doc>Test suite for character creation</doc>
<status status="PASS" starttime="20230110 23:58:04.781" endtime="20230110 23:58:40.271"/>
</suite>
<statistics>
<total>
<stat pass="2" fail="0" skip="0">All Tests</stat>
</total>
<tag>
<stat pass="1" fail="0" skip="0">happy</stat>
<stat pass="1" fail="0" skip="0">inv_email</stat>
</tag>
<suite>
<stat pass="2" fail="0" skip="0" id="s1" name="Register">Register</stat>
</suite>
</statistics>
<errors>
</errors>
</robot>
