<?xml version="1.0" encoding="UTF-8"?>
<robot generator="Robot 6.0.1 (Python 3.11.1 on darwin)" generated="20230111 14:44:32.823" rpa="false" schemaversion="3">
<suite id="s1" name="Tests" source="/Users/andre/Documents/QA Academy/Gravidade Zero/yodapp/tests">
<suite id="s1-s1" name="Online" source="/Users/andre/Documents/QA Academy/Gravidade Zero/yodapp/tests/online.robot">
<test id="s1-s1-t1" name="Yodapp should be online" line="11">
<kw name="Start Session" library="base" type="SETUP">
<kw name="New Browser" library="Browser">
<arg>chromium</arg>
<arg>headless=False</arg>
<arg>slowMo=00:00:00</arg>
<tag>BrowserControl</tag>
<tag>Setter</tag>
<doc>Create a new playwright Browser with specified options.</doc>
<msg timestamp="20230111 14:44:33.308" level="INFO">{"browser": "chromium", "headless": false, "devtools": false, "handleSIGHUP": true, "handleSIGINT": true, "handleSIGTERM": true, "slowMo": 0.0, "timeout": 30000.0, "deprecated_pos_args": [], "tracesDir": "/Users/andre/Documents/QA Academy/Gravidade Zero/yodapp/logs/browser/traces/777407b4-d6e9-492d-a42e-2f56851f277e"}</msg>
<msg timestamp="20230111 14:44:33.786" level="INFO">Successfully created browser with options: {"browser":"chromium","headless":false,"devtools":false,"handleSIGHUP":true,"handleSIGINT":true,"handleSIGTERM":true,"slowMo":0,"timeout":30000,"deprecated_pos_args":[],"tracesDir":"/Users/andre/Documents/QA Academy/Gravidade Zero/yodapp/logs/browser/traces/777407b4-d6e9-492d-a42e-2f56851f277e"}</msg>
<status status="PASS" starttime="20230111 14:44:33.308" endtime="20230111 14:44:33.786"/>
</kw>
<kw name="New Page" library="Browser">
<arg>https://yodapp-testing.vercel.app</arg>
<tag>BrowserControl</tag>
<tag>Setter</tag>
<doc>Open a new Page.</doc>
<msg timestamp="20230111 14:44:34.663" level="INFO">Successfully initialized new page object and opened url: https://yodapp-testing.vercel.app</msg>
<msg timestamp="20230111 14:44:34.663" level="INFO">No context was open. New context was automatically opened when this page is created.</msg>
<status status="PASS" starttime="20230111 14:44:33.786" endtime="20230111 14:44:34.663"/>
</kw>
<status status="PASS" starttime="20230111 14:44:33.307" endtime="20230111 14:44:34.663"/>
</kw>
<kw name="Get Title" library="Browser">
<arg>equal</arg>
<arg>Yodapp | QAninja</arg>
<tag>Assertion</tag>
<tag>Getter</tag>
<tag>PageContent</tag>
<doc>Returns the title of the current page.</doc>
<status status="PASS" starttime="20230111 14:44:34.664" endtime="20230111 14:44:34.668"/>
</kw>
<kw name="End Session" library="base" type="TEARDOWN">
<kw name="Take Screenshot" library="Browser">
<tag>PageContent</tag>
<doc>Takes a screenshot of the current window or element and saves it to disk.</doc>
<msg timestamp="20230111 14:44:34.843" level="INFO" html="true">&lt;/td&gt;&lt;/tr&gt;&lt;tr&gt;&lt;td colspan="3"&gt;&lt;a href="browser/screenshot/robotframework-browser-screenshot-1.png"&gt;&lt;img src="browser/screenshot/robotframework-browser-screenshot-1.png" width="800px"&gt;&lt;/a&gt;</msg>
<status status="PASS" starttime="20230111 14:44:34.668" endtime="20230111 14:44:34.843"/>
</kw>
<status status="PASS" starttime="20230111 14:44:34.668" endtime="20230111 14:44:34.843"/>
</kw>
<status status="PASS" starttime="20230111 14:44:33.306" endtime="20230111 14:44:34.843"/>
</test>
<test id="s1-s1-t2" name="Should display welcome message" line="20">
<kw name="Start Session" library="base" type="SETUP">
<kw name="New Browser" library="Browser">
<arg>chromium</arg>
<arg>headless=False</arg>
<arg>slowMo=00:00:00</arg>
<tag>BrowserControl</tag>
<tag>Setter</tag>
<doc>Create a new playwright Browser with specified options.</doc>
<msg timestamp="20230111 14:44:34.890" level="INFO">{"browser": "chromium", "headless": false, "devtools": false, "handleSIGHUP": true, "handleSIGINT": true, "handleSIGTERM": true, "slowMo": 0.0, "timeout": 30000.0, "deprecated_pos_args": [], "tracesDir": "/Users/andre/Documents/QA Academy/Gravidade Zero/yodapp/logs/browser/traces/30d19167-b964-4886-a48e-09d3e8954723"}</msg>
<msg timestamp="20230111 14:44:35.051" level="INFO">Successfully created browser with options: {"browser":"chromium","headless":false,"devtools":false,"handleSIGHUP":true,"handleSIGINT":true,"handleSIGTERM":true,"slowMo":0,"timeout":30000,"deprecated_pos_args":[],"tracesDir":"/Users/andre/Documents/QA Academy/Gravidade Zero/yodapp/logs/browser/traces/30d19167-b964-4886-a48e-09d3e8954723"}</msg>
<status status="PASS" starttime="20230111 14:44:34.890" endtime="20230111 14:44:35.051"/>
</kw>
<kw name="New Page" library="Browser">
<arg>https://yodapp-testing.vercel.app</arg>
<tag>BrowserControl</tag>
<tag>Setter</tag>
<doc>Open a new Page.</doc>
<msg timestamp="20230111 14:44:35.876" level="INFO">Successfully initialized new page object and opened url: https://yodapp-testing.vercel.app</msg>
<msg timestamp="20230111 14:44:35.876" level="INFO">No context was open. New context was automatically opened when this page is created.</msg>
<status status="PASS" starttime="20230111 14:44:35.051" endtime="20230111 14:44:35.876"/>
</kw>
<status status="PASS" starttime="20230111 14:44:34.890" endtime="20230111 14:44:35.877"/>
</kw>
<kw name="Wait For Elements State" library="Browser">
<arg>css=.navbar-item &gt;&gt; text=Que a Força (qualidade) esteja com você!</arg>
<arg>visible</arg>
<arg>5</arg>
<tag>PageContent</tag>
<tag>Wait</tag>
<doc>Waits for the element found by ``selector`` to satisfy state option.</doc>
<msg timestamp="20230111 14:44:35.896" level="INFO">Waited for Element with selector css=.navbar-item &gt;&gt; text=Que a Força (qualidade) esteja com você! at state visible</msg>
<status status="PASS" starttime="20230111 14:44:35.877" endtime="20230111 14:44:35.896"/>
</kw>
<kw name="End Session" library="base" type="TEARDOWN">
<kw name="Take Screenshot" library="Browser">
<tag>PageContent</tag>
<doc>Takes a screenshot of the current window or element and saves it to disk.</doc>
<msg timestamp="20230111 14:44:36.080" level="INFO" html="true">&lt;/td&gt;&lt;/tr&gt;&lt;tr&gt;&lt;td colspan="3"&gt;&lt;a href="browser/screenshot/robotframework-browser-screenshot-2.png"&gt;&lt;img src="browser/screenshot/robotframework-browser-screenshot-2.png" width="800px"&gt;&lt;/a&gt;</msg>
<status status="PASS" starttime="20230111 14:44:35.896" endtime="20230111 14:44:36.080"/>
</kw>
<status status="PASS" starttime="20230111 14:44:35.896" endtime="20230111 14:44:36.080"/>
</kw>
<status status="PASS" starttime="20230111 14:44:34.889" endtime="20230111 14:44:36.080"/>
</test>
<doc>Test suite to see if yodapp is online</doc>
<status status="PASS" starttime="20230111 14:44:32.831" endtime="20230111 14:44:36.122"/>
</suite>
<suite id="s1-s2" name="Register" source="/Users/andre/Documents/QA Academy/Gravidade Zero/yodapp/tests/register.robot">
<test id="s1-s2-t1" name="Should register a new character" line="11">
<kw name="Start Session" library="base" type="SETUP">
<kw name="New Browser" library="Browser">
<arg>chromium</arg>
<arg>headless=False</arg>
<arg>slowMo=00:00:00</arg>
<tag>BrowserControl</tag>
<tag>Setter</tag>
<doc>Create a new playwright Browser with specified options.</doc>
<msg timestamp="20230111 14:44:36.126" level="INFO">{"browser": "chromium", "headless": false, "devtools": false, "handleSIGHUP": true, "handleSIGINT": true, "handleSIGTERM": true, "slowMo": 0.0, "timeout": 30000.0, "deprecated_pos_args": [], "tracesDir": "/Users/andre/Documents/QA Academy/Gravidade Zero/yodapp/logs/browser/traces/c77e2661-9f5f-4b8f-9bcc-a2021a536ca3"}</msg>
<msg timestamp="20230111 14:44:36.303" level="INFO">Successfully created browser with options: {"browser":"chromium","headless":false,"devtools":false,"handleSIGHUP":true,"handleSIGINT":true,"handleSIGTERM":true,"slowMo":0,"timeout":30000,"deprecated_pos_args":[],"tracesDir":"/Users/andre/Documents/QA Academy/Gravidade Zero/yodapp/logs/browser/traces/c77e2661-9f5f-4b8f-9bcc-a2021a536ca3"}</msg>
<status status="PASS" starttime="20230111 14:44:36.125" endtime="20230111 14:44:36.303"/>
</kw>
<kw name="New Page" library="Browser">
<arg>https://yodapp-testing.vercel.app</arg>
<tag>BrowserControl</tag>
<tag>Setter</tag>
<doc>Open a new Page.</doc>
<msg timestamp="20230111 14:44:36.997" level="INFO">Successfully initialized new page object and opened url: https://yodapp-testing.vercel.app</msg>
<msg timestamp="20230111 14:44:36.997" level="INFO">No context was open. New context was automatically opened when this page is created.</msg>
<status status="PASS" starttime="20230111 14:44:36.303" endtime="20230111 14:44:36.997"/>
</kw>
<status status="PASS" starttime="20230111 14:44:36.125" endtime="20230111 14:44:36.997"/>
</kw>
<kw name="Go To User Form" library="actions">
<kw name="Click" library="Browser">
<arg>text=Novo</arg>
<tag>PageContent</tag>
<tag>Setter</tag>
<doc>Simulates mouse click on the element found by ``selector``.</doc>
<status status="PASS" starttime="20230111 14:44:36.997" endtime="20230111 14:44:37.076"/>
</kw>
<kw name="Wait For Elements State" library="Browser">
<arg>css=.card-header-title &gt;&gt; text=Cadastrar novo usuário</arg>
<arg>visible</arg>
<arg>5</arg>
<tag>PageContent</tag>
<tag>Wait</tag>
<doc>Waits for the element found by ``selector`` to satisfy state option.</doc>
<msg timestamp="20230111 14:44:37.176" level="INFO">Waited for Element with selector css=.card-header-title &gt;&gt; text=Cadastrar novo usuário at state visible</msg>
<status status="PASS" starttime="20230111 14:44:37.076" endtime="20230111 14:44:37.176"/>
</kw>
<status status="PASS" starttime="20230111 14:44:36.997" endtime="20230111 14:44:37.176"/>
</kw>
<kw name="Fill User Form" library="actions">
<arg>Mestre Yoda</arg>
<arg>yoda@jedi.com</arg>
<arg>Jedi</arg>
<arg>fevereiro-1970-20</arg>
<arg>@yoda</arg>
<kw name="Fill Text" library="Browser">
<arg>css=input[name="nome"]</arg>
<arg>${name}</arg>
<tag>PageContent</tag>
<tag>Setter</tag>
<doc>Clears and fills the given ``txt`` into the text field found by ``selector``.</doc>
<msg timestamp="20230111 14:44:37.177" level="INFO">Fills the text 'Mestre Yoda' in the given field.</msg>
<status status="PASS" starttime="20230111 14:44:37.177" endtime="20230111 14:44:37.190"/>
</kw>
<kw name="Fill Text" library="Browser">
<arg>css=input[name="email"]</arg>
<arg>${email}</arg>
<tag>PageContent</tag>
<tag>Setter</tag>
<doc>Clears and fills the given ``txt`` into the text field found by ``selector``.</doc>
<msg timestamp="20230111 14:44:37.191" level="INFO">Fills the text 'yoda@jedi.com' in the given field.</msg>
<status status="PASS" starttime="20230111 14:44:37.191" endtime="20230111 14:44:37.201"/>
</kw>
<kw name="Select Options By" library="Browser">
<arg>css=.ordem select</arg>
<arg>text</arg>
<arg>${ordem}</arg>
<tag>PageContent</tag>
<tag>Setter</tag>
<doc>Selects options from select element found by ``selector``.</doc>
<status status="PASS" starttime="20230111 14:44:37.201" endtime="20230111 14:44:37.224"/>
</kw>
<kw name="Select Birth Date" library="actions">
<arg>${bdate}</arg>
<kw name="Split String" library="String">
<var>@{date}</var>
<arg>${text_date}</arg>
<arg>-</arg>
<doc>Splits the ``string`` using ``separator`` as a delimiter string.</doc>
<msg timestamp="20230111 14:44:37.224" level="INFO">@{date} = [ fevereiro | 1970 | 20 ]</msg>
<status status="PASS" starttime="20230111 14:44:37.224" endtime="20230111 14:44:37.225"/>
</kw>
<kw name="Click" library="Browser">
<arg>css=input[name="Data de nascimento"]</arg>
<tag>PageContent</tag>
<tag>Setter</tag>
<doc>Simulates mouse click on the element found by ``selector``.</doc>
<status status="PASS" starttime="20230111 14:44:37.225" endtime="20230111 14:44:37.261"/>
</kw>
<kw name="Select Options By" library="Browser">
<arg>xpath=(//header[@class="datepicker-header"]//select)[1]</arg>
<arg>text</arg>
<arg>${date}[0]</arg>
<tag>PageContent</tag>
<tag>Setter</tag>
<doc>Selects options from select element found by ``selector``.</doc>
<status status="PASS" starttime="20230111 14:44:37.261" endtime="20230111 14:44:37.297"/>
</kw>
<kw name="Select Options By" library="Browser">
<arg>xpath=(//header[@class="datepicker-header"]//select)[2]</arg>
<arg>value</arg>
<arg>${date}[1]</arg>
<tag>PageContent</tag>
<tag>Setter</tag>
<doc>Selects options from select element found by ``selector``.</doc>
<status status="PASS" starttime="20230111 14:44:37.297" endtime="20230111 14:44:37.314"/>
</kw>
<kw name="Click" library="Browser">
<arg>xpath=//a[contains(@class, "datepicker-cell")]//span[text()="${date}[2]"]</arg>
<tag>PageContent</tag>
<tag>Setter</tag>
<doc>Simulates mouse click on the element found by ``selector``.</doc>
<status status="PASS" starttime="20230111 14:44:37.314" endtime="20230111 14:44:37.348"/>
</kw>
<status status="PASS" starttime="20230111 14:44:37.224" endtime="20230111 14:44:37.348"/>
</kw>
<kw name="Fill Text" library="Browser">
<arg>id=insta</arg>
<arg>${instagram}</arg>
<tag>PageContent</tag>
<tag>Setter</tag>
<doc>Clears and fills the given ``txt`` into the text field found by ``selector``.</doc>
<msg timestamp="20230111 14:44:37.349" level="INFO">Fills the text '@yoda' in the given field.</msg>
<status status="PASS" starttime="20230111 14:44:37.349" endtime="20230111 14:44:37.361"/>
</kw>
<status status="PASS" starttime="20230111 14:44:37.176" endtime="20230111 14:44:37.361"/>
</kw>
<kw name="Select Jedi" library="actions">
<arg>Cavaleiro Jedi</arg>
<kw name="Click" library="Browser">
<arg>xpath=//input[@value="${tpjedi}"]/..//span[@class="check"]</arg>
<tag>PageContent</tag>
<tag>Setter</tag>
<doc>Simulates mouse click on the element found by ``selector``.</doc>
<status status="PASS" starttime="20230111 14:44:37.361" endtime="20230111 14:44:37.394"/>
</kw>
<status status="PASS" starttime="20230111 14:44:37.361" endtime="20230111 14:44:37.394"/>
</kw>
<kw name="Check Accept comunications" library="actions">
<kw name="Click" library="Browser">
<arg>xpath=//input[@name="comunications"]/../span[@class="check"]</arg>
<tag>PageContent</tag>
<tag>Setter</tag>
<doc>Simulates mouse click on the element found by ``selector``.</doc>
<status status="PASS" starttime="20230111 14:44:37.394" endtime="20230111 14:44:37.512"/>
</kw>
<status status="PASS" starttime="20230111 14:44:37.394" endtime="20230111 14:44:37.512"/>
</kw>
<kw name="Submit User Form" library="actions">
<kw name="Click" library="Browser">
<arg>css=button &gt;&gt; text="Cadastrar"</arg>
<tag>PageContent</tag>
<tag>Setter</tag>
<doc>Simulates mouse click on the element found by ``selector``.</doc>
<status status="PASS" starttime="20230111 14:44:37.513" endtime="20230111 14:44:37.550"/>
</kw>
<status status="PASS" starttime="20230111 14:44:37.513" endtime="20230111 14:44:37.550"/>
</kw>
<kw name="Toaster Message Should Be" library="actions">
<arg>Usuário Cadastrado com sucesso!</arg>
<kw name="Wait For Elements State" library="Browser">
<arg>css=.toast div &gt;&gt; text=${expected_message}</arg>
<arg>visible</arg>
<arg>5</arg>
<tag>PageContent</tag>
<tag>Wait</tag>
<doc>Waits for the element found by ``selector`` to satisfy state option.</doc>
<msg timestamp="20230111 14:44:37.557" level="INFO">Waited for Element with selector css=.toast div &gt;&gt; text=Usuário Cadastrado com sucesso! at state visible</msg>
<status status="PASS" starttime="20230111 14:44:37.551" endtime="20230111 14:44:37.557"/>
</kw>
<status status="PASS" starttime="20230111 14:44:37.550" endtime="20230111 14:44:37.558"/>
</kw>
<kw name="End Session" library="base" type="TEARDOWN">
<kw name="Take Screenshot" library="Browser">
<tag>PageContent</tag>
<doc>Takes a screenshot of the current window or element and saves it to disk.</doc>
<msg timestamp="20230111 14:44:37.642" level="INFO" html="true">&lt;/td&gt;&lt;/tr&gt;&lt;tr&gt;&lt;td colspan="3"&gt;&lt;a href="browser/screenshot/robotframework-browser-screenshot-3.png"&gt;&lt;img src="browser/screenshot/robotframework-browser-screenshot-3.png" width="800px"&gt;&lt;/a&gt;</msg>
<status status="PASS" starttime="20230111 14:44:37.558" endtime="20230111 14:44:37.642"/>
</kw>
<status status="PASS" starttime="20230111 14:44:37.558" endtime="20230111 14:44:37.642"/>
</kw>
<tag>happy</tag>
<status status="PASS" starttime="20230111 14:44:36.125" endtime="20230111 14:44:37.642"/>
</test>
<test id="s1-s2-t2" name="Invalid Email" line="24">
<kw name="Start Session" library="base" type="SETUP">
<kw name="New Browser" library="Browser">
<arg>chromium</arg>
<arg>headless=False</arg>
<arg>slowMo=00:00:00</arg>
<tag>BrowserControl</tag>
<tag>Setter</tag>
<doc>Create a new playwright Browser with specified options.</doc>
<msg timestamp="20230111 14:44:37.683" level="INFO">{"browser": "chromium", "headless": false, "devtools": false, "handleSIGHUP": true, "handleSIGINT": true, "handleSIGTERM": true, "slowMo": 0.0, "timeout": 30000.0, "deprecated_pos_args": [], "tracesDir": "/Users/andre/Documents/QA Academy/Gravidade Zero/yodapp/logs/browser/traces/cf5f0d97-67d2-4251-8d95-38ee53bfb935"}</msg>
<msg timestamp="20230111 14:44:37.855" level="INFO">Successfully created browser with options: {"browser":"chromium","headless":false,"devtools":false,"handleSIGHUP":true,"handleSIGINT":true,"handleSIGTERM":true,"slowMo":0,"timeout":30000,"deprecated_pos_args":[],"tracesDir":"/Users/andre/Documents/QA Academy/Gravidade Zero/yodapp/logs/browser/traces/cf5f0d97-67d2-4251-8d95-38ee53bfb935"}</msg>
<status status="PASS" starttime="20230111 14:44:37.682" endtime="20230111 14:44:37.855"/>
</kw>
<kw name="New Page" library="Browser">
<arg>https://yodapp-testing.vercel.app</arg>
<tag>BrowserControl</tag>
<tag>Setter</tag>
<doc>Open a new Page.</doc>
<msg timestamp="20230111 14:44:38.581" level="INFO">Successfully initialized new page object and opened url: https://yodapp-testing.vercel.app</msg>
<msg timestamp="20230111 14:44:38.581" level="INFO">No context was open. New context was automatically opened when this page is created.</msg>
<status status="PASS" starttime="20230111 14:44:37.855" endtime="20230111 14:44:38.581"/>
</kw>
<status status="PASS" starttime="20230111 14:44:37.682" endtime="20230111 14:44:38.582"/>
</kw>
<kw name="Go To User Form" library="actions">
<kw name="Click" library="Browser">
<arg>text=Novo</arg>
<tag>PageContent</tag>
<tag>Setter</tag>
<doc>Simulates mouse click on the element found by ``selector``.</doc>
<status status="PASS" starttime="20230111 14:44:38.582" endtime="20230111 14:44:38.659"/>
</kw>
<kw name="Wait For Elements State" library="Browser">
<arg>css=.card-header-title &gt;&gt; text=Cadastrar novo usuário</arg>
<arg>visible</arg>
<arg>5</arg>
<tag>PageContent</tag>
<tag>Wait</tag>
<doc>Waits for the element found by ``selector`` to satisfy state option.</doc>
<msg timestamp="20230111 14:44:38.750" level="INFO">Waited for Element with selector css=.card-header-title &gt;&gt; text=Cadastrar novo usuário at state visible</msg>
<status status="PASS" starttime="20230111 14:44:38.659" endtime="20230111 14:44:38.750"/>
</kw>
<status status="PASS" starttime="20230111 14:44:38.582" endtime="20230111 14:44:38.750"/>
</kw>
<kw name="Fill User Form" library="actions">
<arg>Darth Vader</arg>
<arg>vader&amp;hotmail.com</arg>
<arg>Sith</arg>
<arg>dezembro-1980-15</arg>
<arg>@vader</arg>
<kw name="Fill Text" library="Browser">
<arg>css=input[name="nome"]</arg>
<arg>${name}</arg>
<tag>PageContent</tag>
<tag>Setter</tag>
<doc>Clears and fills the given ``txt`` into the text field found by ``selector``.</doc>
<msg timestamp="20230111 14:44:38.750" level="INFO">Fills the text 'Darth Vader' in the given field.</msg>
<status status="PASS" starttime="20230111 14:44:38.750" endtime="20230111 14:44:38.766"/>
</kw>
<kw name="Fill Text" library="Browser">
<arg>css=input[name="email"]</arg>
<arg>${email}</arg>
<tag>PageContent</tag>
<tag>Setter</tag>
<doc>Clears and fills the given ``txt`` into the text field found by ``selector``.</doc>
<msg timestamp="20230111 14:44:38.766" level="INFO">Fills the text 'vader&amp;hotmail.com' in the given field.</msg>
<status status="PASS" starttime="20230111 14:44:38.766" endtime="20230111 14:44:38.779"/>
</kw>
<kw name="Select Options By" library="Browser">
<arg>css=.ordem select</arg>
<arg>text</arg>
<arg>${ordem}</arg>
<tag>PageContent</tag>
<tag>Setter</tag>
<doc>Selects options from select element found by ``selector``.</doc>
<status status="PASS" starttime="20230111 14:44:38.779" endtime="20230111 14:44:38.797"/>
</kw>
<kw name="Select Birth Date" library="actions">
<arg>${bdate}</arg>
<kw name="Split String" library="String">
<var>@{date}</var>
<arg>${text_date}</arg>
<arg>-</arg>
<doc>Splits the ``string`` using ``separator`` as a delimiter string.</doc>
<msg timestamp="20230111 14:44:38.797" level="INFO">@{date} = [ dezembro | 1980 | 15 ]</msg>
<status status="PASS" starttime="20230111 14:44:38.797" endtime="20230111 14:44:38.797"/>
</kw>
<kw name="Click" library="Browser">
<arg>css=input[name="Data de nascimento"]</arg>
<tag>PageContent</tag>
<tag>Setter</tag>
<doc>Simulates mouse click on the element found by ``selector``.</doc>
<status status="PASS" starttime="20230111 14:44:38.798" endtime="20230111 14:44:38.829"/>
</kw>
<kw name="Select Options By" library="Browser">
<arg>xpath=(//header[@class="datepicker-header"]//select)[1]</arg>
<arg>text</arg>
<arg>${date}[0]</arg>
<tag>PageContent</tag>
<tag>Setter</tag>
<doc>Selects options from select element found by ``selector``.</doc>
<status status="PASS" starttime="20230111 14:44:38.829" endtime="20230111 14:44:38.857"/>
</kw>
<kw name="Select Options By" library="Browser">
<arg>xpath=(//header[@class="datepicker-header"]//select)[2]</arg>
<arg>value</arg>
<arg>${date}[1]</arg>
<tag>PageContent</tag>
<tag>Setter</tag>
<doc>Selects options from select element found by ``selector``.</doc>
<status status="PASS" starttime="20230111 14:44:38.857" endtime="20230111 14:44:38.873"/>
</kw>
<kw name="Click" library="Browser">
<arg>xpath=//a[contains(@class, "datepicker-cell")]//span[text()="${date}[2]"]</arg>
<tag>PageContent</tag>
<tag>Setter</tag>
<doc>Simulates mouse click on the element found by ``selector``.</doc>
<status status="PASS" starttime="20230111 14:44:38.873" endtime="20230111 14:44:38.914"/>
</kw>
<status status="PASS" starttime="20230111 14:44:38.797" endtime="20230111 14:44:38.914"/>
</kw>
<kw name="Fill Text" library="Browser">
<arg>id=insta</arg>
<arg>${instagram}</arg>
<tag>PageContent</tag>
<tag>Setter</tag>
<doc>Clears and fills the given ``txt`` into the text field found by ``selector``.</doc>
<msg timestamp="20230111 14:44:38.915" level="INFO">Fills the text '@vader' in the given field.</msg>
<status status="PASS" starttime="20230111 14:44:38.915" endtime="20230111 14:44:38.926"/>
</kw>
<status status="PASS" starttime="20230111 14:44:38.750" endtime="20230111 14:44:38.927"/>
</kw>
<kw name="Check Accept comunications" library="actions">
<kw name="Click" library="Browser">
<arg>xpath=//input[@name="comunications"]/../span[@class="check"]</arg>
<tag>PageContent</tag>
<tag>Setter</tag>
<doc>Simulates mouse click on the element found by ``selector``.</doc>
<status status="PASS" starttime="20230111 14:44:38.927" endtime="20230111 14:44:39.169"/>
</kw>
<status status="PASS" starttime="20230111 14:44:38.927" endtime="20230111 14:44:39.169"/>
</kw>
<kw name="Submit User Form" library="actions">
<kw name="Click" library="Browser">
<arg>css=button &gt;&gt; text="Cadastrar"</arg>
<tag>PageContent</tag>
<tag>Setter</tag>
<doc>Simulates mouse click on the element found by ``selector``.</doc>
<status status="PASS" starttime="20230111 14:44:39.169" endtime="20230111 14:44:39.218"/>
</kw>
<status status="PASS" starttime="20230111 14:44:39.169" endtime="20230111 14:44:39.218"/>
</kw>
<kw name="Toaster Message Should Be" library="actions">
<arg>Oops! O email é incorreto.</arg>
<kw name="Wait For Elements State" library="Browser">
<arg>css=.toast div &gt;&gt; text=${expected_message}</arg>
<arg>visible</arg>
<arg>5</arg>
<tag>PageContent</tag>
<tag>Wait</tag>
<doc>Waits for the element found by ``selector`` to satisfy state option.</doc>
<msg timestamp="20230111 14:44:39.224" level="INFO">Waited for Element with selector css=.toast div &gt;&gt; text=Oops! O email é incorreto. at state visible</msg>
<status status="PASS" starttime="20230111 14:44:39.218" endtime="20230111 14:44:39.224"/>
</kw>
<status status="PASS" starttime="20230111 14:44:39.218" endtime="20230111 14:44:39.224"/>
</kw>
<kw name="End Session" library="base" type="TEARDOWN">
<kw name="Take Screenshot" library="Browser">
<tag>PageContent</tag>
<doc>Takes a screenshot of the current window or element and saves it to disk.</doc>
<msg timestamp="20230111 14:44:39.317" level="INFO" html="true">&lt;/td&gt;&lt;/tr&gt;&lt;tr&gt;&lt;td colspan="3"&gt;&lt;a href="browser/screenshot/robotframework-browser-screenshot-4.png"&gt;&lt;img src="browser/screenshot/robotframework-browser-screenshot-4.png" width="800px"&gt;&lt;/a&gt;</msg>
<status status="PASS" starttime="20230111 14:44:39.225" endtime="20230111 14:44:39.317"/>
</kw>
<status status="PASS" starttime="20230111 14:44:39.225" endtime="20230111 14:44:39.317"/>
</kw>
<tag>inv_email</tag>
<status status="PASS" starttime="20230111 14:44:37.681" endtime="20230111 14:44:39.317"/>
</test>
<doc>Test suite for character creation</doc>
<status status="PASS" starttime="20230111 14:44:36.123" endtime="20230111 14:44:39.353"/>
</suite>
<status status="PASS" starttime="20230111 14:44:32.824" endtime="20230111 14:44:39.354"/>
</suite>
<statistics>
<total>
<stat pass="4" fail="0" skip="0">All Tests</stat>
</total>
<tag>
<stat pass="1" fail="0" skip="0">happy</stat>
<stat pass="1" fail="0" skip="0">inv_email</stat>
</tag>
<suite>
<stat pass="4" fail="0" skip="0" id="s1" name="Tests">Tests</stat>
<stat pass="2" fail="0" skip="0" id="s1-s1" name="Online">Tests.Online</stat>
<stat pass="2" fail="0" skip="0" id="s1-s2" name="Register">Tests.Register</stat>
</suite>
</statistics>
<errors>
</errors>
</robot>
